#
# There is insufficient memory for the Java Runtime Environment to continue.
# Native memory allocation (malloc) failed to allocate 990016 bytes for Chunk::new
# Possible reasons:
#   The system is out of physical RAM or swap space
#   The process is running with CompressedOops enabled, and the Java Heap may be blocking the growth of the native heap
# Possible solutions:
#   Reduce memory load on the system
#   Increase physical memory or swap space
#   Check if swap backing store is full
#   Decrease Java heap size (-Xmx/-Xms)
#   Decrease number of Java threads
#   Decrease Java thread stack sizes (-Xss)
#   Set larger code cache with -XX:ReservedCodeCacheSize=
#   JVM is running with Unscaled Compressed Oops mode in which the Java heap is
#     placed in the first 4GB address space. The Java Heap base address is the
#     maximum limit for the native heap growth. Please use -XX:HeapBaseMinAddress
#     to set the Java Heap base and to place the Java Heap above 4GB virtual address.
# This output file may be truncated or incomplete.
#
#  Out of Memory Error (allocation.cpp:389), pid=8488, tid=0x0000000000002248
#
# JRE version: OpenJDK Runtime Environment (8.0_212-b04) (build 1.8.0_212-release-1586-b04)
# Java VM: OpenJDK 64-Bit Server VM (25.212-b04 mixed mode windows-amd64 compressed oops)
# Failed to write core dump. Minidumps are not enabled by default on client versions of Windows
#

---------------  T H R E A D  ---------------

Current thread (0x00000000575eb000):  JavaThread "C2 CompilerThread0" daemon [_thread_in_native, id=8776, stack(0x0000000057d60000,0x0000000057e60000)]

Stack: [0x0000000057d60000,0x0000000057e60000]
[error occurred during error reporting (printing stack bounds), id 0xc0000005]

Native frames: (J=compiled Java code, j=interpreted, Vv=VM code, C=native code)


Current CompileTask:
C2:  10449 2352   !   4       java.net.URLClassLoader$1::run (63 bytes)


---------------  P R O C E S S  ---------------

Java Threads: ( => current thread )
  0x00000000589a8800 JavaThread "Cache worker for execution history cache (C:\Users\Admin\.gradle\caches\5.6.4\executionHistory)" [_thread_blocked, id=5708, stack(0x000000005b970000,0x000000005ba70000)]
  0x00000000589a7800 JavaThread "Cache worker for cache directory md-rule (C:\Users\Admin\.gradle\caches\5.6.4\md-rule)" [_thread_blocked, id=2860, stack(0x000000005bc30000,0x000000005bd30000)]
  0x00000000589a7000 JavaThread "Cache worker for cache directory md-supplier (C:\Users\Admin\.gradle\caches\5.6.4\md-supplier)" [_thread_blocked, id=10852, stack(0x0000000060230000,0x0000000060330000)]
  0x00000000589a3000 JavaThread "Cache worker for file hash cache (D:\Final-Project\IM\.gradle\5.6.4\fileHashes)" [_thread_blocked, id=5336, stack(0x000000005feb0000,0x000000005ffb0000)]
  0x00000000589a2800 JavaThread "Cache worker for journal cache (C:\Users\Admin\.gradle\caches\journal-1)" [_thread_blocked, id=1916, stack(0x000000005c500000,0x000000005c600000)]
  0x00000000589a1800 JavaThread "File lock request listener" [_thread_in_native, id=8608, stack(0x000000005c360000,0x000000005c460000)]
  0x00000000589a1000 JavaThread "Cache worker for file hash cache (C:\Users\Admin\.gradle\caches\5.6.4\fileHashes)" [_thread_blocked, id=3068, stack(0x000000005c1f0000,0x000000005c2f0000)]
  0x0000000058e6b800 JavaThread "Thread-9" [_thread_blocked, id=14416, stack(0x000000005be80000,0x000000005bf80000)]
  0x0000000059385800 JavaThread "Stdin handler" [_thread_blocked, id=8748, stack(0x000000005bd40000,0x000000005be40000)]
  0x0000000059371000 JavaThread "Asynchronous log dispatcher for DefaultDaemonConnection: socket connection from /127.0.0.1:62815 to /127.0.0.1:62816" [_thread_blocked, id=9392, stack(0x000000005baa0000,0x000000005bba0000)]
  0x000000005931b800 JavaThread "Daemon worker" [_thread_in_native, id=9400, stack(0x000000005b560000,0x000000005b660000)]
  0x000000005931a800 JavaThread "Cancel handler" [_thread_blocked, id=1580, stack(0x0000000058170000,0x0000000058270000)]
  0x0000000058ab6000 JavaThread "Handler for socket connection from /127.0.0.1:62815 to /127.0.0.1:62816" [_thread_in_native, id=8596, stack(0x000000005b660000,0x000000005b760000)]
  0x0000000058ab5000 JavaThread "Daemon" [_thread_blocked, id=7000, stack(0x000000005b2d0000,0x000000005b3d0000)]
  0x0000000059ccd800 JavaThread "Daemon periodic checks" [_thread_blocked, id=1976, stack(0x000000005b3e0000,0x000000005b4e0000)]
  0x0000000059ca2000 JavaThread "Incoming local TCP Connector on port 62815" [_thread_in_native, id=7256, stack(0x000000005b180000,0x000000005b280000)]
  0x00000000585d8800 JavaThread "Daemon health stats" [_thread_blocked, id=8600, stack(0x000000005ae20000,0x000000005af20000)]
  0x0000000057692800 JavaThread "Service Thread" daemon [_thread_blocked, id=9180, stack(0x0000000058270000,0x0000000058370000)]
  0x0000000057604800 JavaThread "C1 CompilerThread2" daemon [_thread_blocked, id=9152, stack(0x0000000058060000,0x0000000058160000)]
  0x0000000057601800 JavaThread "C2 CompilerThread1" daemon [_thread_in_native, id=9148, stack(0x0000000057e70000,0x0000000057f70000)]
=>0x00000000575eb000 JavaThread "C2 CompilerThread0" daemon [_thread_in_native, id=8776, stack(0x0000000057d60000,0x0000000057e60000)]
  0x00000000575e9800 JavaThread "Attach Listener" daemon [_thread_blocked, id=8772, stack(0x0000000057c30000,0x0000000057d30000)]
  0x00000000575e8800 JavaThread "Signal Dispatcher" daemon [_thread_blocked, id=8768, stack(0x0000000057b20000,0x0000000057c20000)]
  0x0000000056438800 JavaThread "Finalizer" daemon [_thread_blocked, id=6820, stack(0x00000000574e0000,0x00000000575e0000)]
  0x0000000056431800 JavaThread "Reference Handler" daemon [_thread_blocked, id=8752, stack(0x00000000573d0000,0x00000000574d0000)]
  0x000000000045f000 JavaThread "main" [_thread_blocked, id=15204, stack(0x00000000027d0000,0x00000000028d0000)]

Other Threads:
  0x00000000563ea000 VMThread [stack: 0x0000000057210000,0x0000000057310000] [id=12832]
  0x0000000057694000 WatcherThread [stack: 0x0000000057a00000,0x0000000057b00000] [id=9192]

VM state:not at safepoint (normal execution)

VM Mutex/Monitor currently owned by a thread: None

heap address: 0x00000000a0000000, size: 1536 MB, Compressed Oops mode: 32-bit
Narrow klass base: 0x0000000000000000, Narrow klass shift: 0
Compressed class space size: 1073741824 Address: 0x0000000015a60000

Heap:
 PSYoungGen      total 77312K, used 30214K [0x00000000e0000000, 0x00000000e7d80000, 0x0000000100000000)
  eden space 66048K, 34% used [0x00000000e0000000,0x00000000e1608a70,0x00000000e4080000)
  from space 11264K, 67% used [0x00000000e4080000,0x00000000e47f8e30,0x00000000e4b80000)
  to   space 11264K, 0% used [0x00000000e7280000,0x00000000e7280000,0x00000000e7d80000)
 ParOldGen       total 60416K, used 9756K [0x00000000a0000000, 0x00000000a3b00000, 0x00000000e0000000)
  object space 60416K, 16% used [0x00000000a0000000,0x00000000a0987200,0x00000000a3b00000)
 Metaspace       used 29698K, capacity 30306K, committed 30464K, reserved 1075200K
  class space    used 4084K, capacity 4242K, committed 4352K, reserved 1048576K

Card table byte_map: [0x0000000011c90000,0x0000000011fa0000] byte_map_base: 0x0000000011790000

Marking Bits: (ParMarkBitMap*) 0x0000000066ae9f30
 Begin Bits: [0x0000000012760000, 0x0000000013f60000)
 End Bits:   [0x0000000013f60000, 0x0000000015760000)

Polling page: 0x0000000000430000

CodeCache: size=245760Kb used=8367Kb max_used=8367Kb free=237392Kb
 bounds [0x00000000028d0000, 0x0000000003110000, 0x00000000118d0000]
 total_blobs=2823 nmethods=2147 adapters=589
 compilation: enabled

Compilation events (10 events):
Event: 10.413 Thread 0x0000000057604800 2361       3       org.gradle.internal.instantiation.AbstractClassGenerator$ClassMetadata::getProperty (14 bytes)
Event: 10.414 Thread 0x0000000057604800 nmethod 2361 0x0000000002e4b810 code [0x0000000002e4b980, 0x0000000002e4bc88]
Event: 10.414 Thread 0x0000000057604800 2362       1       com.google.common.collect.LinkedHashMultimap::access$300 (5 bytes)
Event: 10.414 Thread 0x0000000057604800 nmethod 2362 0x0000000002e48a10 code [0x0000000002e48b60, 0x0000000002e48c50]
Event: 10.414 Thread 0x0000000057604800 2360       3       sun.reflect.generics.reflectiveObjects.TypeVariableImpl::hashCode (16 bytes)
Event: 10.414 Thread 0x0000000057604800 nmethod 2360 0x0000000002a5bd50 code [0x0000000002a5bec0, 0x0000000002a5c198]
Event: 10.414 Thread 0x0000000057604800 2363       3       com.google.common.collect.AbstractMapBasedMultimap$WrappedCollection::refreshIfEmpty (78 bytes)
Event: 10.415 Thread 0x0000000057604800 nmethod 2363 0x0000000003103c90 code [0x0000000003103e40, 0x0000000003104558]
Event: 10.415 Thread 0x0000000057604800 2364       1       java.lang.reflect.Constructor::getSignature (5 bytes)
Event: 10.415 Thread 0x0000000057604800 nmethod 2364 0x0000000002a94250 code [0x0000000002a943a0, 0x0000000002a944b0]

GC Heap History (10 events):
Event: 6.619 GC heap before
{Heap before GC invocations=4 (full 0):
 PSYoungGen      total 38400K, used 38377K [0x00000000e0000000, 0x00000000e2a80000, 0x0000000100000000)
  eden space 33280K, 100% used [0x00000000e0000000,0x00000000e2080000,0x00000000e2080000)
  from space 5120K, 99% used [0x00000000e2080000,0x00000000e257a630,0x00000000e2580000)
  to   space 5120K, 0% used [0x00000000e2580000,0x00000000e2580000,0x00000000e2a80000)
 ParOldGen       total 87552K, used 1835K [0x00000000a0000000, 0x00000000a5580000, 0x00000000e0000000)
  object space 87552K, 2% used [0x00000000a0000000,0x00000000a01caf78,0x00000000a5580000)
 Metaspace       used 14782K, capacity 15250K, committed 15488K, reserved 1062912K
  class space    used 2067K, capacity 2165K, committed 2176K, reserved 1048576K
Event: 6.633 GC heap after
Heap after GC invocations=4 (full 0):
 PSYoungGen      total 38400K, used 5097K [0x00000000e0000000, 0x00000000e2a80000, 0x0000000100000000)
  eden space 33280K, 0% used [0x00000000e0000000,0x00000000e0000000,0x00000000e2080000)
  from space 5120K, 99% used [0x00000000e2580000,0x00000000e2a7a650,0x00000000e2a80000)
  to   space 5120K, 0% used [0x00000000e2080000,0x00000000e2080000,0x00000000e2580000)
 ParOldGen       total 87552K, used 4471K [0x00000000a0000000, 0x00000000a5580000, 0x00000000e0000000)
  object space 87552K, 5% used [0x00000000a0000000,0x00000000a045df48,0x00000000a5580000)
 Metaspace       used 14782K, capacity 15250K, committed 15488K, reserved 1062912K
  class space    used 2067K, capacity 2165K, committed 2176K, reserved 1048576K
}
Event: 7.493 GC heap before
{Heap before GC invocations=5 (full 0):
 PSYoungGen      total 38400K, used 38377K [0x00000000e0000000, 0x00000000e2a80000, 0x0000000100000000)
  eden space 33280K, 100% used [0x00000000e0000000,0x00000000e2080000,0x00000000e2080000)
  from space 5120K, 99% used [0x00000000e2580000,0x00000000e2a7a650,0x00000000e2a80000)
  to   space 5120K, 0% used [0x00000000e2080000,0x00000000e2080000,0x00000000e2580000)
 ParOldGen       total 87552K, used 4471K [0x00000000a0000000, 0x00000000a5580000, 0x00000000e0000000)
  object space 87552K, 5% used [0x00000000a0000000,0x00000000a045df48,0x00000000a5580000)
 Metaspace       used 17890K, capacity 18396K, committed 18688K, reserved 1064960K
  class space    used 2563K, capacity 2728K, committed 2816K, reserved 1048576K
Event: 7.508 GC heap after
Heap after GC invocations=5 (full 0):
 PSYoungGen      total 38400K, used 5097K [0x00000000e0000000, 0x00000000e5600000, 0x0000000100000000)
  eden space 33280K, 0% used [0x00000000e0000000,0x00000000e0000000,0x00000000e2080000)
  from space 5120K, 99% used [0x00000000e2080000,0x00000000e257a630,0x00000000e2580000)
  to   space 10752K, 0% used [0x00000000e4b80000,0x00000000e4b80000,0x00000000e5600000)
 ParOldGen       total 87552K, used 8258K [0x00000000a0000000, 0x00000000a5580000, 0x00000000e0000000)
  object space 87552K, 9% used [0x00000000a0000000,0x00000000a0810900,0x00000000a5580000)
 Metaspace       used 17890K, capacity 18396K, committed 18688K, reserved 1064960K
  class space    used 2563K, capacity 2728K, committed 2816K, reserved 1048576K
}
Event: 8.484 GC heap before
{Heap before GC invocations=6 (full 0):
 PSYoungGen      total 38400K, used 33309K [0x00000000e0000000, 0x00000000e5600000, 0x0000000100000000)
  eden space 33280K, 84% used [0x00000000e0000000,0x00000000e1b8d0a0,0x00000000e2080000)
  from space 5120K, 99% used [0x00000000e2080000,0x00000000e257a630,0x00000000e2580000)
  to   space 10752K, 0% used [0x00000000e4b80000,0x00000000e4b80000,0x00000000e5600000)
 ParOldGen       total 87552K, used 8258K [0x00000000a0000000, 0x00000000a5580000, 0x00000000e0000000)
  object space 87552K, 9% used [0x00000000a0000000,0x00000000a0810900,0x00000000a5580000)
 Metaspace       used 20706K, capacity 21230K, committed 21296K, reserved 1067008K
  class space    used 3002K, capacity 3142K, committed 3200K, reserved 1048576K
Event: 8.495 GC heap after
Heap after GC invocations=6 (full 0):
 PSYoungGen      total 76800K, used 8772K [0x00000000e0000000, 0x00000000e5700000, 0x0000000100000000)
  eden space 66048K, 0% used [0x00000000e0000000,0x00000000e0000000,0x00000000e4080000)
  from space 10752K, 81% used [0x00000000e4b80000,0x00000000e54110e0,0x00000000e5600000)
  to   space 11264K, 0% used [0x00000000e4080000,0x00000000e4080000,0x00000000e4b80000)
 ParOldGen       total 87552K, used 8266K [0x00000000a0000000, 0x00000000a5580000, 0x00000000e0000000)
  object space 87552K, 9% used [0x00000000a0000000,0x00000000a0812900,0x00000000a5580000)
 Metaspace       used 20706K, capacity 21230K, committed 21296K, reserved 1067008K
  class space    used 3002K, capacity 3142K, committed 3200K, reserved 1048576K
}
Event: 8.495 GC heap before
{Heap before GC invocations=7 (full 1):
 PSYoungGen      total 76800K, used 8772K [0x00000000e0000000, 0x00000000e5700000, 0x0000000100000000)
  eden space 66048K, 0% used [0x00000000e0000000,0x00000000e0000000,0x00000000e4080000)
  from space 10752K, 81% used [0x00000000e4b80000,0x00000000e54110e0,0x00000000e5600000)
  to   space 11264K, 0% used [0x00000000e4080000,0x00000000e4080000,0x00000000e4b80000)
 ParOldGen       total 87552K, used 8266K [0x00000000a0000000, 0x00000000a5580000, 0x00000000e0000000)
  object space 87552K, 9% used [0x00000000a0000000,0x00000000a0812900,0x00000000a5580000)
 Metaspace       used 20706K, capacity 21230K, committed 21296K, reserved 1067008K
  class space    used 3002K, capacity 3142K, committed 3200K, reserved 1048576K
Event: 8.547 GC heap after
Heap after GC invocations=7 (full 1):
 PSYoungGen      total 76800K, used 0K [0x00000000e0000000, 0x00000000e5700000, 0x0000000100000000)
  eden space 66048K, 0% used [0x00000000e0000000,0x00000000e0000000,0x00000000e4080000)
  from space 10752K, 0% used [0x00000000e4b80000,0x00000000e4b80000,0x00000000e5600000)
  to   space 11264K, 0% used [0x00000000e4080000,0x00000000e4080000,0x00000000e4b80000)
 ParOldGen       total 60416K, used 9748K [0x00000000a0000000, 0x00000000a3b00000, 0x00000000e0000000)
  object space 60416K, 16% used [0x00000000a0000000,0x00000000a0985200,0x00000000a3b00000)
 Metaspace       used 20706K, capacity 21230K, committed 21296K, reserved 1067008K
  class space    used 3002K, capacity 3142K, committed 3200K, reserved 1048576K
}
Event: 10.132 GC heap before
{Heap before GC invocations=8 (full 1):
 PSYoungGen      total 76800K, used 66048K [0x00000000e0000000, 0x00000000e5700000, 0x0000000100000000)
  eden space 66048K, 100% used [0x00000000e0000000,0x00000000e4080000,0x00000000e4080000)
  from space 10752K, 0% used [0x00000000e4b80000,0x00000000e4b80000,0x00000000e5600000)
  to   space 11264K, 0% used [0x00000000e4080000,0x00000000e4080000,0x00000000e4b80000)
 ParOldGen       total 60416K, used 9748K [0x00000000a0000000, 0x00000000a3b00000, 0x00000000e0000000)
  object space 60416K, 16% used [0x00000000a0000000,0x00000000a0985200,0x00000000a3b00000)
 Metaspace       used 28488K, capacity 29110K, committed 29184K, reserved 1075200K
  class space    used 3898K, capacity 4080K, committed 4096K, reserved 1048576K
Event: 10.142 GC heap after
Heap after GC invocations=8 (full 1):
 PSYoungGen      total 77312K, used 7651K [0x00000000e0000000, 0x00000000e7d80000, 0x0000000100000000)
  eden space 66048K, 0% used [0x00000000e0000000,0x00000000e0000000,0x00000000e4080000)
  from space 11264K, 67% used [0x00000000e4080000,0x00000000e47f8e30,0x00000000e4b80000)
  to   space 11264K, 0% used [0x00000000e7280000,0x00000000e7280000,0x00000000e7d80000)
 ParOldGen       total 60416K, used 9756K [0x00000000a0000000, 0x00000000a3b00000, 0x00000000e0000000)
  object space 60416K, 16% used [0x00000000a0000000,0x00000000a0987200,0x00000000a3b00000)
 Metaspace       used 28488K, capacity 29110K, committed 29184K, reserved 1075200K
  class space    used 3898K, capacity 4080K, committed 4096K, reserved 1048576K
}

Deoptimization events (10 events):
Event: 8.358 Thread 0x000000005931b800 Uncommon trap: reason=unstable_if action=reinterpret pc=0x0000000002eda0b4 method=java.lang.ClassLoader.getClassLoadingLock(Ljava/lang/String;)Ljava/lang/Object; @ 6
Event: 8.361 Thread 0x000000005931b800 Uncommon trap: reason=unstable_if action=reinterpret pc=0x00000000029ea2a8 method=java.lang.ClassLoader.getClassLoadingLock(Ljava/lang/String;)Ljava/lang/Object; @ 6
Event: 8.446 Thread 0x000000005931b800 Uncommon trap: reason=bimorphic action=maybe_recompile pc=0x0000000002ec7304 method=java.io.BufferedInputStream.read([BII)I @ 101
Event: 8.447 Thread 0x000000005931b800 Uncommon trap: reason=bimorphic action=maybe_recompile pc=0x0000000002ec7304 method=java.io.BufferedInputStream.read([BII)I @ 101
Event: 8.448 Thread 0x000000005931b800 Uncommon trap: reason=bimorphic action=maybe_recompile pc=0x0000000002ec7304 method=java.io.BufferedInputStream.read([BII)I @ 101
Event: 8.448 Thread 0x000000005931b800 Uncommon trap: reason=bimorphic action=maybe_recompile pc=0x0000000002ec7304 method=java.io.BufferedInputStream.read([BII)I @ 101
Event: 9.720 Thread 0x000000005931b800 Uncommon trap: reason=unstable_if action=reinterpret pc=0x0000000002db4e8c method=java.util.HashMap.hash(Ljava/lang/Object;)I @ 1
Event: 9.840 Thread 0x000000005931b800 Uncommon trap: reason=unstable_if action=reinterpret pc=0x0000000002b7aefc method=java.io.WinNTFileSystem.resolve(Ljava/lang/String;Ljava/lang/String;)Ljava/lang/String; @ 49
Event: 9.882 Thread 0x000000005931b800 Uncommon trap: reason=unstable_if action=reinterpret pc=0x0000000002bb1420 method=java.util.LinkedHashMap.afterNodeInsertion(Z)V @ 1
Event: 10.144 Thread 0x000000005931b800 Uncommon trap: reason=unstable_if action=reinterpret pc=0x0000000002b57374 method=java.util.HashMap.getNode(ILjava/lang/Object;)Ljava/util/HashMap$Node; @ 129

Classes redefined (0 events):
No events

Internal exceptions (10 events):
Event: 9.513 Thread 0x000000005931b800 Exception <a 'java/lang/ClassNotFoundException': groovy/lang/Closure$1Customizer> (0x00000000e1406300) thrown at [D:\src\AOSP-openjdk-cygwin\jdk8u\hotspot\src\share\vm\classfile\systemDictionary.cpp, line 210]
Event: 9.665 Thread 0x000000005931b800 Exception <a 'java/lang/ClassNotFoundException': org/gradle/internal/metaobject/ConfigureDelegateBeanInfo> (0x00000000e1aba760) thrown at [D:\src\AOSP-openjdk-cygwin\jdk8u\hotspot\src\share\vm\classfile\systemDictionary.cpp, line 210]
Event: 9.666 Thread 0x000000005931b800 Exception <a 'java/lang/ClassNotFoundException': org/gradle/internal/metaobject/ConfigureDelegateCustomizer> (0x00000000e1ae7c38) thrown at [D:\src\AOSP-openjdk-cygwin\jdk8u\hotspot\src\share\vm\classfile\systemDictionary.cpp, line 210]
Event: 9.675 Thread 0x000000005931b800 Exception <a 'java/lang/ClassNotFoundException': org/gradle/api/internal/initialization/DefaultScriptHandlerBeanInfo> (0x00000000e1b73518) thrown at [D:\src\AOSP-openjdk-cygwin\jdk8u\hotspot\src\share\vm\classfile\systemDictionary.cpp, line 210]
Event: 9.675 Thread 0x000000005931b800 Exception <a 'java/lang/ClassNotFoundException': org/gradle/api/internal/initialization/DefaultScriptHandlerCustomizer> (0x00000000e1ba8f58) thrown at [D:\src\AOSP-openjdk-cygwin\jdk8u\hotspot\src\share\vm\classfile\systemDictionary.cpp, line 210]
Event: 9.720 Thread 0x000000005931b800 Implicit null exception at 0x0000000002db4c85 to 0x0000000002db4e7d
Event: 10.202 Thread 0x000000005931b800 Exception <a 'java/lang/ClassNotFoundException': org/gradle/api/internal/artifacts/dsl/dependencies/DefaultDependencyHandler_DecoratedBeanInfo> (0x00000000e0511a10) thrown at [D:\src\AOSP-openjdk-cygwin\jdk8u\hotspot\src\share\vm\classfile\systemDictionar
Event: 10.203 Thread 0x000000005931b800 Exception <a 'java/lang/ClassNotFoundException': org/gradle/api/internal/artifacts/dsl/dependencies/DefaultDependencyHandlerBeanInfo> (0x00000000e056a2f0) thrown at [D:\src\AOSP-openjdk-cygwin\jdk8u\hotspot\src\share\vm\classfile\systemDictionary.cpp, lin
Event: 10.204 Thread 0x000000005931b800 Exception <a 'java/lang/ClassNotFoundException': org/gradle/api/internal/artifacts/dsl/dependencies/DefaultDependencyHandlerCustomizer> (0x00000000e05c3e80) thrown at [D:\src\AOSP-openjdk-cygwin\jdk8u\hotspot\src\share\vm\classfile\systemDictionary.cpp, l
Event: 10.206 Thread 0x000000005931b800 Exception <a 'java/lang/ClassNotFoundException': org/gradle/api/internal/artifacts/dsl/dependencies/DefaultDependencyHandler_DecoratedCustomizer> (0x00000000e06530f0) thrown at [D:\src\AOSP-openjdk-cygwin\jdk8u\hotspot\src\share\vm\classfile\systemDiction

Events (10 events):
Event: 10.418 loading class org/gradle/api/internal/collections/DefaultCollectionEventRegister$FilteredEventRegister
Event: 10.418 loading class org/gradle/api/internal/collections/DefaultCollectionEventRegister$FilteredEventRegister done
Event: 10.419 loading class org/gradle/api/internal/DefaultNamedDomainObjectCollection$FilteredIndex
Event: 10.419 loading class org/gradle/api/internal/DefaultNamedDomainObjectCollection$FilteredIndex done
Event: 10.420 loading class org/gradle/api/internal/collections/FilteredCollection$FilteringIterator
Event: 10.420 loading class org/gradle/api/internal/collections/FilteredCollection$FilteringIterator done
Event: 10.420 loading class org/gradle/api/internal/artifacts/configurations/Configurations
Event: 10.420 loading class org/gradle/api/internal/artifacts/configurations/Configurations done
Event: 10.422 loading class org/gradle/internal/component/external/model/ImmutableCapabilities
Event: 10.422 loading class org/gradle/internal/component/external/model/ImmutableCapabilities done


Dynamic libraries:
0x000000013fef0000 - 0x000000013ff21000 	D:\‰ÃˆÒ\jre\bin\java.exe
0x0000000077150000 - 0x00000000772ef000 	C:\Windows\SYSTEM32\ntdll.dll
0x0000000076f30000 - 0x000000007704f000 	C:\Windows\system32\kernel32.dll
0x000007fefcd20000 - 0x000007fefcd8a000 	C:\Windows\system32\KERNELBASE.dll
0x000007fefdda0000 - 0x000007fefde7b000 	C:\Windows\system32\ADVAPI32.dll
0x000007fefd310000 - 0x000007fefd3af000 	C:\Windows\system32\msvcrt.dll
0x000007fefd650000 - 0x000007fefd66f000 	C:\Windows\SYSTEM32\sechost.dll
0x000007fefd520000 - 0x000007fefd64c000 	C:\Windows\system32\RPCRT4.dll
0x0000000077050000 - 0x000000007714a000 	C:\Windows\system32\USER32.dll
0x000007fefdd30000 - 0x000007fefdd97000 	C:\Windows\system32\GDI32.dll
0x000007fefde80000 - 0x000007fefde8e000 	C:\Windows\system32\LPK.dll
0x000007feff260000 - 0x000007feff32b000 	C:\Windows\system32\USP10.dll
0x000007fefb130000 - 0x000007fefb325000 	C:\Windows\WinSxS\amd64_microsoft.windows.common-controls_6595b64144ccf1df_6.0.7601.24440_none_e36f1bbf30ff0606\COMCTL32.dll
0x000007fefd4a0000 - 0x000007fefd511000 	C:\Windows\system32\SHLWAPI.dll
0x000007feff1e0000 - 0x000007feff20e000 	C:\Windows\system32\IMM32.DLL
0x000007feff330000 - 0x000007feff439000 	C:\Windows\system32\MSCTF.dll
0x000007fefc940000 - 0x000007fefc970000 	C:\Windows\system32\nvinitx.dll
0x000007fefc930000 - 0x000007fefc93c000 	C:\Windows\system32\VERSION.dll
0x0000000074350000 - 0x0000000074356000 	C:\Program Files\NVIDIA Corporation\CoProcManager\detoured.dll
0x000007fefad50000 - 0x000007fefad88000 	C:\Program Files\NVIDIA Corporation\CoProcManager\nvd3d9wrapx.dll
0x000007fefdaa0000 - 0x000007fefdc77000 	C:\Windows\system32\SETUPAPI.dll
0x000007fefce20000 - 0x000007fefce56000 	C:\Windows\system32\CFGMGR32.dll
0x000007fefd940000 - 0x000007fefda1b000 	C:\Windows\system32\OLEAUT32.dll
0x000007fefd010000 - 0x000007fefd20f000 	C:\Windows\system32\ole32.dll
0x000007fefcb10000 - 0x000007fefcb2a000 	C:\Windows\system32\DEVOBJ.dll
0x000007fefad20000 - 0x000007fefad44000 	C:\Program Files\NVIDIA Corporation\CoProcManager\nvdxgiwrapx.dll
0x0000000066240000 - 0x0000000066312000 	D:\‰ÃˆÒ\jre\jre\bin\msvcr100.dll
0x0000000066320000 - 0x0000000066b66000 	D:\‰ÃˆÒ\jre\jre\bin\server\jvm.dll
0x000007feef110000 - 0x000007feef119000 	C:\Windows\system32\WSOCK32.dll
0x000007feff210000 - 0x000007feff25d000 	C:\Windows\system32\WS2_32.dll
0x000007fefdc80000 - 0x000007fefdc88000 	C:\Windows\system32\NSI.dll
0x000007fefcca0000 - 0x000007fefccdb000 	C:\Windows\system32\WINMM.dll
0x0000000077300000 - 0x0000000077307000 	C:\Windows\system32\PSAPI.DLL
0x000007fefae50000 - 0x000007fefae5f000 	D:\‰ÃˆÒ\jre\jre\bin\verify.dll
0x000007fef4170000 - 0x000007fef4199000 	D:\‰ÃˆÒ\jre\jre\bin\java.dll
0x000007fef4250000 - 0x000007fef4266000 	D:\‰ÃˆÒ\jre\jre\bin\zip.dll
0x000007fefe450000 - 0x000007feff1db000 	C:\Windows\system32\SHELL32.dll
0x000007fefca10000 - 0x000007fefca1f000 	C:\Windows\system32\profapi.dll
0x000007fef3f00000 - 0x000007fef3f1a000 	D:\‰ÃˆÒ\jre\jre\bin\net.dll
0x000007fefce80000 - 0x000007fefd008000 	C:\Windows\system32\urlmon.dll
0x000007fefcd00000 - 0x000007fefcd04000 	C:\Windows\system32\api-ms-win-downlevel-ole32-l1-1-0.dll
0x000007fefcce0000 - 0x000007fefcce4000 	C:\Windows\system32\api-ms-win-downlevel-shlwapi-l1-1-0.dll
0x000007fefcdf0000 - 0x000007fefcdf5000 	C:\Windows\system32\api-ms-win-downlevel-advapi32-l1-1-0.dll
0x0000000001fd0000 - 0x0000000001fd4000 	C:\Windows\system32\api-ms-win-downlevel-user32-l1-1-0.dll
0x000007fefccf0000 - 0x000007fefccf4000 	C:\Windows\system32\api-ms-win-downlevel-version-l1-1-0.dll
0x000007fefcad0000 - 0x000007fefcad3000 	C:\Windows\system32\api-ms-win-downlevel-normaliz-l1-1-0.dll
0x00000000772f0000 - 0x00000000772f3000 	C:\Windows\system32\normaliz.DLL
0x000007fefd670000 - 0x000007fefd93a000 	C:\Windows\system32\iertutil.dll
0x000007fefdf30000 - 0x000007fefe448000 	C:\Windows\system32\WININET.dll
0x000007fefcdd0000 - 0x000007fefcdee000 	C:\Windows\system32\USERENV.dll
0x000007fefc040000 - 0x000007fefc095000 	C:\Windows\system32\mswsock.dll
0x000007fefc2a0000 - 0x000007fefc2a7000 	C:\Windows\System32\wship6.dll
0x000007fef7130000 - 0x000007fef7143000 	D:\‰ÃˆÒ\jre\jre\bin\nio.dll
0x000007fee3000000 - 0x000007fee3026000 	C:\Users\Admin\.gradle\native\30\windows-amd64\native-platform.dll
0x000007fef9a60000 - 0x000007fef9a63000 	C:\Windows\system32\api-ms-win-core-synch-l1-2-0.DLL
0x000007fefa180000 - 0x000007fefa18d000 	D:\‰ÃˆÒ\jre\jre\bin\management.dll
0x000007fefc1f0000 - 0x000007fefc208000 	C:\Windows\system32\CRYPTSP.dll
0x000007fefbdb0000 - 0x000007fefbdf7000 	C:\Windows\system32\rsaenh.dll
0x000007fefc860000 - 0x000007fefc86f000 	C:\Windows\system32\CRYPTBASE.dll
0x000007fef9a80000 - 0x000007fef9aa7000 	C:\Windows\system32\IPHLPAPI.DLL
0x000007fef9a70000 - 0x000007fef9a7b000 	C:\Windows\system32\WINNSI.DLL
0x000007fef7e40000 - 0x000007fef7e58000 	C:\Windows\system32\dhcpcsvc.DLL
0x000007fef7e20000 - 0x000007fef7e31000 	C:\Windows\system32\dhcpcsvc6.DLL

VM Arguments:
jvm_args: -Xmx1536m -Dfile.encoding=x-windows-949 -Duser.country=KR -Duser.language=ko -Duser.variant 
java_command: org.gradle.launcher.daemon.bootstrap.GradleDaemon 5.6.4
java_class_path (initial): C:\Users\Admin\.gradle\wrapper\dists\gradle-5.6.4-all\ankdp27end7byghfw1q2sw75f\gradle-5.6.4\lib\gradle-launcher-5.6.4.jar
Launcher Type: SUN_STANDARD

Environment Variables:
JAVA_HOME=C:\Program Files\Java\jdk-13.0.1
CLASSPATH=.;C:\Program Files\Java\jdk-13.0.1\lib;C:\Program Files\Java\jdk-13.0.1\lib\tools.jar
PATH=C:\Program Files (x86)\NVIDIA Corporation\PhysX\Common;C:\Program Files (x86)\Common Files\Microsoft Shared\Windows Live;C:\Program Files (x86)\Intel\iCLS Client\;C:\Program Files\Intel\iCLS Client\;C:\Windows\system32;C:\Windows;C:\Windows\System32\Wbem;C:\Windows\System32\WindowsPowerShell\v1.0\;C:\Program Files\Intel\Intel(R) Management Engine Components\DAL;C:\Program Files\Intel\Intel(R) Management Engine Components\IPT;C:\Program Files (x86)\Intel\Intel(R) Management Engine Components\DAL;C:\Program Files (x86)\Intel\Intel(R) Management Engine Components\IPT;C:\Program Files (x86)\Intel\OpenCL SDK\2.0\bin\x86;C:\Program Files (x86)\Intel\OpenCL SDK\2.0\bin\x64;D:\mat\runtime\win64;D:\mat\bin;C:\Program Files\NVIDIA Corporation\NVIDIA NvDLISR;C:\Program Files\Java\jdk-13.0.1\bin;C:\Program Files\Java\jdk-13.0.1\jre\bin;C:\Program Files\Git\cmd;C:\Python36;C:\Users\Admin\AppData\Local\Programs\Python\Python37;D:\Anaconda\Scripts;D:\putty\;C:\Program Files\MySQL\MySQL Shell 8.0\bin\;C:\Program Files\Common Files\Microsoft Shared\Windows Live;C:\Users\Admin\AppData\Local\atom\bin;D:\VS code\Microsoft VS Code\bin;D:\PyCharm\PyCharm 2020.1\bin;
USERNAME=Admin
OS=Windows_NT
PROCESSOR_IDENTIFIER=Intel64 Family 6 Model 58 Stepping 9, GenuineIntel



---------------  S Y S T E M  ---------------

OS: Windows 7 , 64 bit Build 7601 (6.1.7601.24441)

CPU:total 4 (initial active 4) (2 cores per cpu, 2 threads per core) family 6 model 58 stepping 9, cmov, cx8, fxsr, mmx, sse, sse2, sse3, ssse3, sse4.1, sse4.2, popcnt, avx, aes, clmul, erms, ht, tsc, tscinvbit, tscinv

Memory: 4k page, physical 8260228k(1337120k free), swap 8782616k(4716k free)

vm_info: OpenJDK 64-Bit Server VM (25.212-b04) for windows-amd64 JRE (1.8.0_212-release-1586-b04), built by "builder" with MS VC++ 10.0 (VS2010)

time: Fri May 01 22:05:25 2020
timezone: ¥Î«—πŒ±π «•¡ÿΩ√
elapsed time: 10 seconds (0d 0h 0m 10s)

